Change Physical Footprint: Designator=A1 Old Footprint=2450AT42E0100 New Footprint=2450AT42E0100
Change Physical Footprint: Designator=B1 Old Footprint=EC382704P-T New Footprint=EC382704P-T
Change Physical Footprint: Designator=BEEP +1 Old Footprint=0.8 / 0.5 New Footprint=0.8 / 0.5
Change Physical Footprint: Designator=BEEP -1 Old Footprint=0.8 / 0.5 New Footprint=0.8 / 0.5
Change Physical Footprint: Designator=BP1 Old Footprint=B3FS New Footprint=B3FS
Change Physical Footprint: Designator=BP2 Old Footprint=B3FS New Footprint=B3FS
Change Physical Footprint: Designator=C1 Old Footprint=C0402 New Footprint=C0402
Change Physical Footprint: Designator=C2 Old Footprint=C0402 New Footprint=C0402
Change Physical Footprint: Designator=C3 Old Footprint=C0402 New Footprint=C0402
Change Physical Footprint: Designator=C4 Old Footprint=C0402 New Footprint=C0402
Change Physical Footprint: Designator=C5 Old Footprint=C0402 New Footprint=C0402
Change Physical Footprint: Designator=C6 Old Footprint=C0402 New Footprint=C0402
Change Physical Footprint: Designator=C7 Old Footprint=C0402 New Footprint=C0402
Change Physical Footprint: Designator=C8 Old Footprint=C0402 New Footprint=C0402
Change Physical Footprint: Designator=C9 Old Footprint=C0402 New Footprint=C0402
Change Physical Footprint: Designator=C10 Old Footprint=C0402 New Footprint=C0402
Change Physical Footprint: Designator=C11 Old Footprint=C0402 New Footprint=C0402
Change Physical Footprint: Designator=C12 Old Footprint=C0402 New Footprint=C0402
Change Physical Footprint: Designator=C13 Old Footprint=C0402 New Footprint=C0402
Change Physical Footprint: Designator=C14 Old Footprint=C0402 New Footprint=C0402
Change Physical Footprint: Designator=C15 Old Footprint=C0402 New Footprint=C0402
Change Physical Footprint: Designator=C16 Old Footprint=C0402 New Footprint=C0402
Change Physical Footprint: Designator=C17 Old Footprint=C0402 New Footprint=C0402
Change Physical Footprint: Designator=C18 Old Footprint=C0402 New Footprint=C0402
Change Physical Footprint: Designator=C19 Old Footprint=C0402 New Footprint=C0402
Change Physical Footprint: Designator=C20 Old Footprint=C0402 New Footprint=C0402
Change Physical Footprint: Designator=C21 Old Footprint=C0402 New Footprint=C0402
Change Physical Footprint: Designator=C22 Old Footprint=C0402 New Footprint=C0402
Change Physical Footprint: Designator=C23 Old Footprint=C0402 (NM) New Footprint=C0402 (NM)
Change Physical Footprint: Designator=C24 Old Footprint=C0402 (NM) New Footprint=C0402 (NM)
Change Physical Footprint: Designator=C25 Old Footprint=C0402 (NM) New Footprint=C0402 (NM)
Change Physical Footprint: Designator=C26 Old Footprint=C0402 (NM) New Footprint=C0402 (NM)
Change Physical Footprint: Designator=C27 Old Footprint=C0402 New Footprint=C0402
Change Physical Footprint: Designator=C28 Old Footprint=C0402 New Footprint=C0402
Change Physical Footprint: Designator=C29 Old Footprint=C0402 New Footprint=C0402
Change Physical Footprint: Designator=C30 Old Footprint=C0402 New Footprint=C0402
Change Physical Footprint: Designator=C31 Old Footprint=C0402 New Footprint=C0402
Change Physical Footprint: Designator=C32 Old Footprint=C0402 New Footprint=C0402
Change Physical Footprint: Designator=C33 Old Footprint=C0402 New Footprint=C0402
Change Physical Footprint: Designator=C34 Old Footprint=C0402 New Footprint=C0402
Change Physical Footprint: Designator=C35 Old Footprint=C0402 New Footprint=C0402
Change Physical Footprint: Designator=C36 Old Footprint=C0402 New Footprint=C0402
Change Physical Footprint: Designator=C37 Old Footprint=C0402 New Footprint=C0402
Change Physical Footprint: Designator=C38 Old Footprint=C0402 New Footprint=C0402
Change Physical Footprint: Designator=C39 Old Footprint=C0402 New Footprint=C0402
Change Physical Footprint: Designator=C40 Old Footprint=C0402 New Footprint=C0402
Change Physical Footprint: Designator=C41 Old Footprint=C0402 New Footprint=C0402
Change Physical Footprint: Designator=C42 Old Footprint=C0402 New Footprint=C0402
Change Physical Footprint: Designator=C43 Old Footprint=C0402 New Footprint=C0402
Change Physical Footprint: Designator=C44 Old Footprint=C0402 New Footprint=C0402
Change Physical Footprint: Designator=C45 Old Footprint=C0402 New Footprint=C0402
Change Physical Footprint: Designator=C46 Old Footprint=C0402 New Footprint=C0402
Change Physical Footprint: Designator=C47 Old Footprint=C0402 (NM) New Footprint=C0402 (NM)
Change Physical Footprint: Designator=CON1 Old Footprint=USB4520-03-1-A New Footprint=USB4520-03-1-A
Change Physical Footprint: Designator=CON2 Old Footprint=54548-0871 New Footprint=54548-0871
Change Physical Footprint: Designator=CON3 Old Footprint=52435-2471 New Footprint=52435-2471
Change Physical Footprint: Designator=D1 Old Footprint=DFN1006-3 New Footprint=DFN1006-3
Change Physical Footprint: Designator=D2 Old Footprint=DFN1006-3 New Footprint=DFN1006-3
Change Physical Footprint: Designator=D3 Old Footprint=SOD-882 (0402) New Footprint=SOD-882 (0402)
Change Physical Footprint: Designator=D4 Old Footprint=SOD-882 (0402) New Footprint=SOD-882 (0402)
Change Physical Footprint: Designator=D5 Old Footprint=SOD-882 (0402) New Footprint=SOD-882 (0402)
Change Physical Footprint: Designator=F1 Old Footprint=MLPF-WB-01E3 New Footprint=MLPF-WB-01E3
Change Physical Footprint: Designator=IC1 Old Footprint=SOT23-5 New Footprint=SOT23-5
Change Physical Footprint: Designator=IC2 Old Footprint=SOT23-5 New Footprint=SOT23-5
Change Physical Footprint: Designator=IC3 Old Footprint=SOT23-5 New Footprint=SOT23-5
Change Physical Footprint: Designator=IC4 Old Footprint=TSSOP5 New Footprint=TSSOP5
Change Physical Footprint: Designator=IC5 Old Footprint=SOT23-6 New Footprint=SOT23-6
Change Physical Footprint: Designator=IC6 Old Footprint=UFQFPN48 New Footprint=UFQFPN48
Change Physical Footprint: Designator=IC7 Old Footprint=TQFN-16 New Footprint=TQFN-16
Change Physical Footprint: Designator=L1 Old Footprint=2.5x2 (2512) New Footprint=2.5x2 (2512)
Change Physical Footprint: Designator=L2 Old Footprint=S0603 New Footprint=S0603
Change Physical Footprint: Designator=L3 Old Footprint=S0402 (NM) New Footprint=S0402 (NM)
Change Physical Footprint: Designator=Q1 Old Footprint=2.0x1.6 - ECS-320-8-47Q New Footprint=2.0x1.6 - ECS-320-8-47Q
Change Physical Footprint: Designator=Q2 Old Footprint=3.2x1.5 New Footprint=3.2x1.5
Change Physical Footprint: Designator=R1 Old Footprint=R0402 New Footprint=R0402
Change Physical Footprint: Designator=R2 Old Footprint=R0402 New Footprint=R0402
Change Physical Footprint: Designator=R3 Old Footprint=R0402 New Footprint=R0402
Change Physical Footprint: Designator=R4 Old Footprint=R0402 New Footprint=R0402
Change Physical Footprint: Designator=R5 Old Footprint=R0402 New Footprint=R0402
Change Physical Footprint: Designator=R6 Old Footprint=R0402 New Footprint=R0402
Change Physical Footprint: Designator=R7 Old Footprint=R0402 New Footprint=R0402
Change Physical Footprint: Designator=R8 Old Footprint=R0402 New Footprint=R0402
Change Physical Footprint: Designator=R9 Old Footprint=R0402 New Footprint=R0402
Change Physical Footprint: Designator=R10 Old Footprint=R0402 New Footprint=R0402
Change Physical Footprint: Designator=R11 Old Footprint=R0402 New Footprint=R0402
Change Physical Footprint: Designator=R12 Old Footprint=R0402 New Footprint=R0402
Change Physical Footprint: Designator=R13 Old Footprint=R0402 (NM) New Footprint=R0402 (NM)
Change Physical Footprint: Designator=R16 Old Footprint=R0402 New Footprint=R0402
Change Physical Footprint: Designator=R17 Old Footprint=R0402 New Footprint=R0402
Change Physical Footprint: Designator=R18 Old Footprint=R0402 (NM) New Footprint=R0402 (NM)
Change Physical Footprint: Designator=R19 Old Footprint=R0402 New Footprint=R0402
Change Physical Footprint: Designator=R20 Old Footprint=R0402 New Footprint=R0402
Change Physical Footprint: Designator=R21 Old Footprint=R0402 New Footprint=R0402
Change Physical Footprint: Designator=R22 Old Footprint=R0402 New Footprint=R0402
Change Physical Footprint: Designator=R23 Old Footprint=R0402 New Footprint=R0402
Change Physical Footprint: Designator=S1 Old Footprint=0402 (FERRITE) New Footprint=0402 (FERRITE)
Change Physical Footprint: Designator=T1 Old Footprint=SOT-23-3 New Footprint=SOT-23-3
Change Physical Footprint: Designator=T2 Old Footprint=SOT-23-3 New Footprint=SOT-23-3
Change Physical Footprint: Designator=U1 Old Footprint=BM585 New Footprint=BM585
