Removed Pin From Net: NetName=GND Pin=ANT1-2
Removed Pin From Net: NetName=GND Pin=ANT1-3
Removed Pin From Net: NetName=GND Pin=ANT1-4
Removed Pin From Net: NetName=GND Pin=ANT1-5
Removed Pin From Net: NetName=GND Pin=C23-2
Removed Member From Class: ClassName=Micro Member=ANT1
Change component parameters: Designator = "C23" ("C23"); Footprint = "C0402 (NM)"; UniqueID = "\OSDCECWH" ("\OSDCECWH")
Change component parameters (AddParameter): Name = "Value"; Value = "20nF"; VariantName = "[No Variations]"
Added Component: Designator=A1(2450AT42E0100)
Add component (AddParameter): Name = "Fabricant"; Value = "PulseLarsen Antennas"; VariantName = "[No Variations]"
Add component (AddParameter): Name = "Référence"; Value = "2450AT42E0100"; VariantName = "[No Variations]"
Add component (AddParameter): Name = "Value"; Value = "50_OHMS"; VariantName = "[No Variations]"
Added Component: Designator=C42(C0402)
Add component (AddParameter): Name = "Fabricant"; Value = "KYOCERA AVX"; VariantName = "[No Variations]"
Add component (AddParameter): Name = "Référence"; Value = "KAM05CT70J475KH"; VariantName = "[No Variations]"
Add component (AddParameter): Name = "Value"; Value = "4.7uF"; VariantName = "[No Variations]"
Added Component: Designator=C43(C0402)
Add component (AddParameter): Name = "Fabricant"; Value = "Murata"; VariantName = "[No Variations]"
Add component (AddParameter): Name = "Référence"; Value = "GRT155C81E105KE13D"; VariantName = "[No Variations]"
Add component (AddParameter): Name = "Value"; Value = "1uF"; VariantName = "[No Variations]"
Added Component: Designator=C44(C0402)
Add component (AddParameter): Name = "Fabricant"; Value = "Murata"; VariantName = "[No Variations]"
Add component (AddParameter): Name = "Référence"; Value = "GRT155C81E105KE13D"; VariantName = "[No Variations]"
Add component (AddParameter): Name = "Value"; Value = "1uF"; VariantName = "[No Variations]"
Added Component: Designator=C45(C0402)
Add component (AddParameter): Name = "Fabricant"; Value = "Murata"; VariantName = "[No Variations]"
Add component (AddParameter): Name = "Référence"; Value = "GRT155C81E105KE13D"; VariantName = "[No Variations]"
Add component (AddParameter): Name = "Value"; Value = "1uF"; VariantName = "[No Variations]"
Added Component: Designator=C46(C0402)
Add component (AddParameter): Name = "Fabricant"; Value = "Murata"; VariantName = "[No Variations]"
Add component (AddParameter): Name = "Référence"; Value = "GRT155C81E105KE13D"; VariantName = "[No Variations]"
Add component (AddParameter): Name = "Value"; Value = "1uF"; VariantName = "[No Variations]"
Added Component: Designator=C47(C0402 (NM))
Add component (AddParameter): Name = "Value"; Value = "NM"; VariantName = "[No Variations]"
Added Component: Designator=CON1(USB4520-03-1-A)
Add component (AddParameter): Name = "Fabricant"; Value = "GCT"; VariantName = "[No Variations]"
Add component (AddParameter): Name = "Référence"; Value = "USB4520-03-1-A"; VariantName = "[No Variations]"
Add component (AddParameter): Name = "Value"; Value = "USB4520-03-1-A"; VariantName = "[No Variations]"
Added Component: Designator=CON2(54548-0871)
Add component (AddParameter): Name = "Fabricant"; Value = "MOLEX"; VariantName = "[No Variations]"
Add component (AddParameter): Name = "Référence"; Value = "54548-0871"; VariantName = "[No Variations]"
Add component (AddParameter): Name = "Value"; Value = "54548-0871"; VariantName = "[No Variations]"
Added Component: Designator=CON3(52435-2471)
Add component (AddParameter): Name = "Fabricant"; Value = "MOLEX"; VariantName = "[No Variations]"
Add component (AddParameter): Name = "Référence"; Value = "52435-2471"; VariantName = "[No Variations]"
Add component (AddParameter): Name = "Value"; Value = "52435-2471"; VariantName = "[No Variations]"
Added Component: Designator=D1(DFN1006-3)
Add component (AddParameter): Name = "Fabricant"; Value = "Nexperia"; VariantName = "[No Variations]"
Add component (AddParameter): Name = "Référence"; Value = "BAV170MYL"; VariantName = "[No Variations]"
Add component (AddParameter): Name = "Value"; Value = "BAV170MYL"; VariantName = "[No Variations]"
Added Component: Designator=D2(DFN1006-3)
Add component (AddParameter): Name = "Fabricant"; Value = "Nexperia"; VariantName = "[No Variations]"
Add component (AddParameter): Name = "Référence"; Value = "BAV170MYL"; VariantName = "[No Variations]"
Add component (AddParameter): Name = "Value"; Value = "BAV170MYL"; VariantName = "[No Variations]"
Added Component: Designator=D3(SOD-882 (0402))
Add component (AddParameter): Name = "Fabricant"; Value = "NEXPERIA"; VariantName = "[No Variations]"
Add component (AddParameter): Name = "Référence"; Value = "PMEG4002EL,315"; VariantName = "[No Variations]"
Add component (AddParameter): Name = "Value"; Value = "Schottky"; VariantName = "[No Variations]"
Added Component: Designator=D4(SOD-882 (0402))
Add component (AddParameter): Name = "Fabricant"; Value = "NEXPERIA"; VariantName = "[No Variations]"
Add component (AddParameter): Name = "Référence"; Value = "PMEG4002EL,315"; VariantName = "[No Variations]"
Add component (AddParameter): Name = "Value"; Value = "Schottky"; VariantName = "[No Variations]"
Added Component: Designator=D5(SOD-882 (0402))
Add component (AddParameter): Name = "Fabricant"; Value = "NEXPERIA"; VariantName = "[No Variations]"
Add component (AddParameter): Name = "Référence"; Value = "PMEG4002EL,315"; VariantName = "[No Variations]"
Add component (AddParameter): Name = "Value"; Value = "Schottky"; VariantName = "[No Variations]"
Added Component: Designator=F1(MLPF-WB-01E3)
Add component (AddParameter): Name = "Fabricant"; Value = "ST"; VariantName = "[No Variations]"
Add component (AddParameter): Name = "Référence"; Value = "MLPF-WB55-01E3"; VariantName = "[No Variations]"
Add component (AddParameter): Name = "Value"; Value = "MLPF-WB55-01E3"; VariantName = "[No Variations]"
Added Component: Designator=IC1(SOT23-5)
Add component (AddParameter): Name = "Fabricant"; Value = ""; VariantName = "[No Variations]"
Add component (AddParameter): Name = "Référence"; Value = "MCP73831T-2ACI/OT"; VariantName = "[No Variations]"
Add component (AddParameter): Name = "Value"; Value = "MCP73831"; VariantName = "[No Variations]"
Added Component: Designator=IC2(SOT23-5)
Add component (AddParameter): Name = "Fabricant"; Value = "Microchip Technology"; VariantName = "[No Variations]"
Add component (AddParameter): Name = "Référence"; Value = "MIC5233-3.0YM5-TR"; VariantName = "[No Variations]"
Add component (AddParameter): Name = "Value"; Value = "MIC5233_3V"; VariantName = "[No Variations]"
Added Component: Designator=IC3(SOT23-5)
Add component (AddParameter): Name = "Fabricant"; Value = "Microchip Technology"; VariantName = "[No Variations]"
Add component (AddParameter): Name = "Référence"; Value = "MIC5233-1.8YM5-TR"; VariantName = "[No Variations]"
Add component (AddParameter): Name = "Value"; Value = "MIC5233_1.8V"; VariantName = "[No Variations]"
Added Component: Designator=IC4(TSSOP5)
Add component (AddParameter): Name = "Fabricant"; Value = "NEXPERIA"; VariantName = "[No Variations]"
Add component (AddParameter): Name = "Référence"; Value = "74AUP1G80GW"; VariantName = "[No Variations]"
Add component (AddParameter): Name = "Value"; Value = "74AUP1G80"; VariantName = "[No Variations]"
Added Component: Designator=IC5(SOT23-6)
Add component (AddParameter): Name = "Fabricant"; Value = "ST"; VariantName = "[No Variations]"
Add component (AddParameter): Name = "Référence"; Value = "USBLC6-2SC6"; VariantName = "[No Variations]"
Add component (AddParameter): Name = "Value"; Value = "USBLC6-2SC6"; VariantName = "[No Variations]"
Added Component: Designator=IC6(UFQFPN48)
Add component (AddParameter): Name = "Fabricant"; Value = "ST"; VariantName = "[No Variations]"
Add component (AddParameter): Name = "Référence"; Value = "STM32WB55CGU3"; VariantName = "[No Variations]"
Add component (AddParameter): Name = "Value"; Value = "STM32WB55CGU"; VariantName = "[No Variations]"
Added Component: Designator=IC7(TQFN-16)
Add component (AddParameter): Name = "Fabriquant"; Value = "Maxim Integrated"; VariantName = "[No Variations]"
Add component (AddParameter): Name = "Référence"; Value = "MAX97220E"; VariantName = "[No Variations]"
Add component (AddParameter): Name = "Value"; Value = "MAX97220E"; VariantName = "[No Variations]"
Added Component: Designator=L1(2.5x2 (2512))
Add component (AddParameter): Name = "Fabricant"; Value = "WURTH ELEKTRONIK"; VariantName = "[No Variations]"
Add component (AddParameter): Name = "RefSupplier"; Value = "2431473"; VariantName = "[No Variations]"
Add component (AddParameter): Name = "Référence"; Value = "74404024100"; VariantName = "[No Variations]"
Add component (AddParameter): Name = "Supplier"; Value = "Farnell"; VariantName = "[No Variations]"
Add component (AddParameter): Name = "Value"; Value = "10uH"; VariantName = "[No Variations]"
Added Component: Designator=L2(S0603)
Add component (AddParameter): Name = "Fabricant"; Value = "COILCRAFT"; VariantName = "[No Variations]"
Add component (AddParameter): Name = "Référence"; Value = "PFL1609-472MEU"; VariantName = "[No Variations]"
Add component (AddParameter): Name = "Value"; Value = "4.7uH"; VariantName = "[No Variations]"
Added Component: Designator=L3(S0402 (NM))
Add component (AddParameter): Name = "Value"; Value = "NM"; VariantName = "[No Variations]"
Added Component: Designator=Q1(2.0x1.6 - ECS-320-8-47Q)
Add component (AddParameter): Name = "Fabricant"; Value = "ECS Inc."; VariantName = "[No Variations]"
Add component (AddParameter): Name = "Référence"; Value = "ECS-320-10-37Q-ES-TR"; VariantName = "[No Variations]"
Add component (AddParameter): Name = "Value"; Value = "32MHz"; VariantName = "[No Variations]"
Added Component: Designator=Q2(3.2x1.5)
Add component (AddParameter): Name = "Fabricant"; Value = "ECS"; VariantName = "[No Variations]"
Add component (AddParameter): Name = "Référence"; Value = "ECS-.327-12.5-34QCS-TR"; VariantName = "[No Variations]"
Add component (AddParameter): Name = "Value"; Value = "32.768k"; VariantName = "[No Variations]"
Added Component: Designator=R1(R0402)
Add component (AddParameter): Name = "Fabricant"; Value = "MULTICOMP"; VariantName = "[No Variations]"
Add component (AddParameter): Name = "Référence"; Value = "MCWR04X1001FTL"; VariantName = "[No Variations]"
Add component (AddParameter): Name = "Value"; Value = "1k"; VariantName = "[No Variations]"
Added Component: Designator=R2(R0402)
Add component (AddParameter): Name = "Fabricant"; Value = "MULTICOMP"; VariantName = "[No Variations]"
Add component (AddParameter): Name = "Référence"; Value = "MCWR04X1002FTL"; VariantName = "[No Variations]"
Add component (AddParameter): Name = "Value"; Value = "10k"; VariantName = "[No Variations]"
Added Component: Designator=R3(R0402)
Add component (AddParameter): Name = "Fabricant"; Value = "MULTICOMP"; VariantName = "[No Variations]"
Add component (AddParameter): Name = "Référence"; Value = "MCWR04X1004FTL"; VariantName = "[No Variations]"
Add component (AddParameter): Name = "Value"; Value = "1M"; VariantName = "[No Variations]"
Added Component: Designator=R4(R0402)
Add component (AddParameter): Name = "Fabricant"; Value = "MULTICOMP"; VariantName = "[No Variations]"
Add component (AddParameter): Name = "Référence"; Value = "MCWR04X4702FTL"; VariantName = "[No Variations]"
Add component (AddParameter): Name = "Value"; Value = "47k"; VariantName = "[No Variations]"
Added Component: Designator=R5(R0402)
Add component (AddParameter): Name = "Fabricant"; Value = "MULTICOMP"; VariantName = "[No Variations]"
Add component (AddParameter): Name = "Référence"; Value = "MCWR04X1001FTL"; VariantName = "[No Variations]"
Add component (AddParameter): Name = "Value"; Value = "1k"; VariantName = "[No Variations]"
Added Component: Designator=R6(R0402)
Add component (AddParameter): Name = "Fabricant"; Value = "MULTICOMP"; VariantName = "[No Variations]"
Add component (AddParameter): Name = "Référence"; Value = "MCWR04X1001FTL"; VariantName = "[No Variations]"
Add component (AddParameter): Name = "Value"; Value = "1k"; VariantName = "[No Variations]"
Added Component: Designator=R7(R0402)
Add component (AddParameter): Name = "Fabricant"; Value = "MULTICOMP"; VariantName = "[No Variations]"
Add component (AddParameter): Name = "Référence"; Value = "MCWR04X1002FTL"; VariantName = "[No Variations]"
Add component (AddParameter): Name = "Value"; Value = "10k"; VariantName = "[No Variations]"
Added Component: Designator=R8(R0402)
Add component (AddParameter): Name = "Fabricant"; Value = "PANASONIC"; VariantName = "[No Variations]"
Add component (AddParameter): Name = "Référence"; Value = "ERJ-2RKF5101X"; VariantName = "[No Variations]"
Add component (AddParameter): Name = "Value"; Value = "5k1"; VariantName = "[No Variations]"
Added Component: Designator=R9(R0402)
Add component (AddParameter): Name = "Fabricant"; Value = "PANASONIC"; VariantName = "[No Variations]"
Add component (AddParameter): Name = "Référence"; Value = "ERJ-2RKF5101X"; VariantName = "[No Variations]"
Add component (AddParameter): Name = "Value"; Value = "5k1"; VariantName = "[No Variations]"
Added Component: Designator=R10(R0402)
Add component (AddParameter): Name = "Fabricant"; Value = "MULTICOMP"; VariantName = "[No Variations]"
Add component (AddParameter): Name = "Référence"; Value = "MCWR04X1004FTL"; VariantName = "[No Variations]"
Add component (AddParameter): Name = "Value"; Value = "1M"; VariantName = "[No Variations]"
Added Component: Designator=R11(R0402)
Add component (AddParameter): Name = "Fabricant"; Value = "MULTICOMP"; VariantName = "[No Variations]"
Add component (AddParameter): Name = "Référence"; Value = "MCWR04X1003FTL"; VariantName = "[No Variations]"
Add component (AddParameter): Name = "Value"; Value = "100k"; VariantName = "[No Variations]"
Added Component: Designator=R12(R0402)
Add component (AddParameter): Name = "Fabricant"; Value = "MULTICOMP"; VariantName = "[No Variations]"
Add component (AddParameter): Name = "Référence"; Value = "MCWR04X1003FTL"; VariantName = "[No Variations]"
Add component (AddParameter): Name = "Value"; Value = "100k"; VariantName = "[No Variations]"
Added Component: Designator=R13(R0402 (NM))
Add component (AddParameter): Name = "Value"; Value = "NM"; VariantName = "[No Variations]"
Added Component: Designator=R16(R0402)
Add component (AddParameter): Name = "Fabricant"; Value = "PANASONIC"; VariantName = "[No Variations]"
Add component (AddParameter): Name = "Référence"; Value = "ERJ-2RKF1002X"; VariantName = "[No Variations]"
Add component (AddParameter): Name = "Value"; Value = "10k"; VariantName = "[No Variations]"
Added Component: Designator=R17(R0402)
Add component (AddParameter): Name = "Fabricant"; Value = "MULTICOMP"; VariantName = "[No Variations]"
Add component (AddParameter): Name = "Référence"; Value = "MCWR04X1002FTL"; VariantName = "[No Variations]"
Add component (AddParameter): Name = "Value"; Value = "10k"; VariantName = "[No Variations]"
Added Component: Designator=R18(R0402 (NM))
Add component (AddParameter): Name = "Value"; Value = "NM"; VariantName = "[No Variations]"
Added Component: Designator=R19(R0402)
Add component (AddParameter): Name = "Fabricant"; Value = "MULTICOMP"; VariantName = "[No Variations]"
Add component (AddParameter): Name = "Référence"; Value = "MCWR04X1002FTL"; VariantName = "[No Variations]"
Add component (AddParameter): Name = "Value"; Value = "10k"; VariantName = "[No Variations]"
Added Component: Designator=R20(R0402)
Add component (AddParameter): Name = "Fabricant"; Value = "MULTICOMP"; VariantName = "[No Variations]"
Add component (AddParameter): Name = "Référence"; Value = "MCWR04X1002FTL"; VariantName = "[No Variations]"
Add component (AddParameter): Name = "Value"; Value = "10k"; VariantName = "[No Variations]"
Added Component: Designator=R21(R0402)
Add component (AddParameter): Name = "Fabricant"; Value = "MULTICOMP"; VariantName = "[No Variations]"
Add component (AddParameter): Name = "Référence"; Value = "MCWR04X1002FTL"; VariantName = "[No Variations]"
Add component (AddParameter): Name = "Value"; Value = "10k"; VariantName = "[No Variations]"
Added Component: Designator=R22(R0402)
Add component (AddParameter): Name = "Fabricant"; Value = "PANASONIC"; VariantName = "[No Variations]"
Add component (AddParameter): Name = "Référence"; Value = "ERJ-U020R00X"; VariantName = "[No Variations]"
Add component (AddParameter): Name = "Value"; Value = "0R"; VariantName = "[No Variations]"
Added Component: Designator=R23(R0402)
Add component (AddParameter): Name = "Fabricant"; Value = "YAGEO"; VariantName = "[No Variations]"
Add component (AddParameter): Name = "Référence"; Value = "AC0402FR-072R2L"; VariantName = "[No Variations]"
Add component (AddParameter): Name = "Value"; Value = "2R2"; VariantName = "[No Variations]"
Added Component: Designator=S1(0402 (FERRITE))
Add component (AddParameter): Name = "Fabricant"; Value = "TDK"; VariantName = "[No Variations]"
Add component (AddParameter): Name = "Référence"; Value = "MMZ1005Y102CTD25"; VariantName = "[No Variations]"
Add component (AddParameter): Name = "Value"; Value = "Ferrite"; VariantName = "[No Variations]"
Add object: Défaillance irrémédiable (Exception de HRESULT : 0x8000FFFF (E_UNEXPECTED))
Add object: Défaillance irrémédiable (Exception de HRESULT : 0x8000FFFF (E_UNEXPECTED))
Added Component: Designator=U1(BM585)
Add component (AddParameter): Name = "Fabriquant"; Value = "Bosch Sensortec"; VariantName = "[No Variations]"
Add component (AddParameter): Name = "Référence"; Value = "BMP585"; VariantName = "[No Variations]"
Add component (AddParameter): Name = "Value"; Value = "BMP585"; VariantName = "[No Variations]"
Added Pin To Net: NetName=GND Pin=A1-3
Added Pin To Net: NetName=GND Pin=A1-4
Added Pin To Net: NetName=NetC42_1 Pin=C42-1
Added Pin To Net: NetName=GND Pin=C42-2
Added Pin To Net: NetName=NetC43_1 Pin=C43-1
Added Pin To Net: NetName=GND Pin=C43-2
Added Pin To Net: NetName=NetC44_1 Pin=C44-1
Added Pin To Net: NetName=GND Pin=C44-2
Added Pin To Net: NetName=NetC45_1 Pin=C45-1
Added Pin To Net: NetName=GND Pin=C45-2
Added Pin To Net: NetName=NetC46_1 Pin=C46-1
Added Pin To Net: NetName=NetC46_2 Pin=C46-2
Added Pin To Net: NetName=GND Pin=C47-2
Added Pin To Net: NetName=GND Pin=CON1-A1
Added Pin To Net: NetName=VUSB Pin=CON1-A4
Added Pin To Net: NetName=NetCON1_A5 Pin=CON1-A5
Added Pin To Net: NetName=D_P Pin=CON1-A6
Added Pin To Net: NetName=D_N Pin=CON1-A7
Added Pin To Net: NetName=VUSB Pin=CON1-A9
Added Pin To Net: NetName=GND Pin=CON1-A12
Added Pin To Net: NetName=GND Pin=CON1-B1
Added Pin To Net: NetName=VUSB Pin=CON1-B4
Added Pin To Net: NetName=NetCON1_B5 Pin=CON1-B5
Added Pin To Net: NetName=D_P Pin=CON1-B6
Added Pin To Net: NetName=D_N Pin=CON1-B7
Added Pin To Net: NetName=VUSB Pin=CON1-B9
Added Pin To Net: NetName=GND Pin=CON1-B12
Added Pin To Net: NetName=GND Pin=CON1-M1
Added Pin To Net: NetName=GND Pin=CON1-M2
Added Pin To Net: NetName=GND Pin=CON1-M3
Added Pin To Net: NetName=GND Pin=CON1-M4
Added Pin To Net: NetName=GND Pin=CON2-1
Added Pin To Net: NetName=3V Pin=CON2-2
Added Pin To Net: NetName=SWD_CLK Pin=CON2-3
Added Pin To Net: NetName=SWD_DIO Pin=CON2-4
Added Pin To Net: NetName=SWD_SWO Pin=CON2-5
Added Pin To Net: NetName=UC_NRST Pin=CON2-6
Added Pin To Net: NetName=UART_TX Pin=CON2-8
Added Pin To Net: NetName=GND Pin=CON2-M1
Added Pin To Net: NetName=GND Pin=CON2-M2
Added Pin To Net: NetName=GDR Pin=CON3-2
Added Pin To Net: NetName=RSENS Pin=CON3-3
Added Pin To Net: NetName=NetC37_2 Pin=CON3-5
Added Pin To Net: NetName=GND Pin=CON3-8
Added Pin To Net: NetName=EPD_BUSY Pin=CON3-9
Added Pin To Net: NetName=EPD_NRST Pin=CON3-10
Added Pin To Net: NetName=EPD_DC Pin=CON3-11
Added Pin To Net: NetName=EPD_NSS Pin=CON3-12
Added Pin To Net: NetName=SPI_SCK Pin=CON3-13
Added Pin To Net: NetName=SPI_MOSI Pin=CON3-14
Added Pin To Net: NetName=3V Pin=CON3-15
Added Pin To Net: NetName=3V Pin=CON3-16
Added Pin To Net: NetName=GND Pin=CON3-17
Added Pin To Net: NetName=NetC39_1 Pin=CON3-18
Added Pin To Net: NetName=NetC40_1 Pin=CON3-20
Added Pin To Net: NetName=NetC43_1 Pin=CON3-21
Added Pin To Net: NetName=NetC41_1 Pin=CON3-22
Added Pin To Net: NetName=NetC45_1 Pin=CON3-23
Added Pin To Net: NetName=NetC44_1 Pin=CON3-24
Added Pin To Net: NetName=GND Pin=CON3-M1
Added Pin To Net: NetName=GND Pin=CON3-M1
Added Pin To Net: NetName=GND Pin=CON3-M2
Added Pin To Net: NetName=GND Pin=CON3-M2
Added Pin To Net: NetName=BT_UP Pin=D1-1
Added Pin To Net: NetName=BARO_INT Pin=D1-2
Added Pin To Net: NetName=3.3_EN Pin=D1-3
Added Pin To Net: NetName=BT_DN Pin=D2-1
Added Pin To Net: NetName=NetD2_2 Pin=D2-2
Added Pin To Net: NetName=3.3_EN Pin=D2-3
Added Pin To Net: NetName=NetD3_A Pin=D3-A
Added Pin To Net: NetName=NetC43_1 Pin=D3-K
Added Pin To Net: NetName=NetC45_1 Pin=D4-A
Added Pin To Net: NetName=NetC46_2 Pin=D4-K
Added Pin To Net: NetName=NetC46_2 Pin=D5-A
Added Pin To Net: NetName=GND Pin=D5-K
Added Pin To Net: NetName=NetC23_1 Pin=F1-A1
Added Pin To Net: NetName=GND Pin=F1-A2
Added Pin To Net: NetName=NetF1_A3 Pin=F1-A3
Added Pin To Net: NetName=GND Pin=F1-B1
Added Pin To Net: NetName=GND Pin=F1-B2
Added Pin To Net: NetName=GND Pin=F1-B3
Added Pin To Net: NetName=STAT_NCP Pin=IC1-1
Added Pin To Net: NetName=GND Pin=IC1-2
Added Pin To Net: NetName=VBAT Pin=IC1-3
Added Pin To Net: NetName=VUSB Pin=IC1-4
Added Pin To Net: NetName=NetIC1_5 Pin=IC1-5
Added Pin To Net: NetName=VBAT Pin=IC2-1
Added Pin To Net: NetName=GND Pin=IC2-2
Added Pin To Net: NetName=3.3_EN Pin=IC2-3
Added Pin To Net: NetName=3V Pin=IC2-5
Added Pin To Net: NetName=VBAT Pin=IC3-1
Added Pin To Net: NetName=GND Pin=IC3-2
Added Pin To Net: NetName=NetIC3_3 Pin=IC3-3
Added Pin To Net: NetName=1.8V Pin=IC3-5
Added Pin To Net: NetName=VBAT Pin=IC4-1
Added Pin To Net: NetName=LATCH_1_8 Pin=IC4-2
Added Pin To Net: NetName=GND Pin=IC4-3
Added Pin To Net: NetName=NetIC3_3 Pin=IC4-4
Added Pin To Net: NetName=VBAT Pin=IC4-5
Added Pin To Net: NetName=D_P Pin=IC5-1
Added Pin To Net: NetName=GND Pin=IC5-2
Added Pin To Net: NetName=D_N Pin=IC5-3
Added Pin To Net: NetName=USBD_N Pin=IC5-4
Added Pin To Net: NetName=VUSB Pin=IC5-5
Added Pin To Net: NetName=USBD_P Pin=IC5-6
Added Pin To Net: NetName=3V Pin=IC6-1
Added Pin To Net: NetName=NetC28_1 Pin=IC6-2
Added Pin To Net: NetName=NetC27_1 Pin=IC6-3
Added Pin To Net: NetName=NetIC6_4 Pin=IC6-4
Added Pin To Net: NetName=BT_UP Pin=IC6-5
Added Pin To Net: NetName=UC_NRST Pin=IC6-7
Added Pin To Net: NetName=NetC12_2 Pin=IC6-8
Added Pin To Net: NetName=BAT_MON Pin=IC6-9
Added Pin To Net: NetName=BAT_MON_EN Pin=IC6-10
Added Pin To Net: NetName=BARO_NSS Pin=IC6-11
Added Pin To Net: NetName=BARO_INT Pin=IC6-12
Added Pin To Net: NetName=EPD_DC Pin=IC6-13
Added Pin To Net: NetName=SPI_SCK Pin=IC6-14
Added Pin To Net: NetName=SPI_MISO Pin=IC6-15
Added Pin To Net: NetName=SPI_MOSI Pin=IC6-16
Added Pin To Net: NetName=EPD_NSS Pin=IC6-17
Added Pin To Net: NetName=EPD_BUSY Pin=IC6-18
Added Pin To Net: NetName=EPD_NRST Pin=IC6-19
Added Pin To Net: NetName=3V Pin=IC6-20
Added Pin To Net: NetName=NetF1_A3 Pin=IC6-21
Added Pin To Net: NetName=GND Pin=IC6-22
Added Pin To Net: NetName=3V Pin=IC6-23
Added Pin To Net: NetName=NetC25_1 Pin=IC6-24
Added Pin To Net: NetName=NetC26_1 Pin=IC6-25
Added Pin To Net: NetName=BT_DN Pin=IC6-29
Added Pin To Net: NetName=BEEP_SHDN Pin=IC6-30
Added Pin To Net: NetName=NetC18_2 Pin=IC6-31
Added Pin To Net: NetName=GND Pin=IC6-32
Added Pin To Net: NetName=NetIC6_33 Pin=IC6-33
Added Pin To Net: NetName=3V Pin=IC6-34
Added Pin To Net: NetName=3V Pin=IC6-35
Added Pin To Net: NetName=BEEP_SIGNAL Pin=IC6-36
Added Pin To Net: NetName=USBD_N Pin=IC6-37
Added Pin To Net: NetName=USBD_P Pin=IC6-38
Added Pin To Net: NetName=SWD_DIO Pin=IC6-39
Added Pin To Net: NetName=3V Pin=IC6-40
Added Pin To Net: NetName=SWD_CLK Pin=IC6-41
Added Pin To Net: NetName=SWD_SWO Pin=IC6-43
Added Pin To Net: NetName=LATCH_3_3 Pin=IC6-44
Added Pin To Net: NetName=LATCH_1_8 Pin=IC6-45
Added Pin To Net: NetName=UART_TX Pin=IC6-46
Added Pin To Net: NetName=STAT_NCP Pin=IC6-47
Added Pin To Net: NetName=3V Pin=IC6-48
Added Pin To Net: NetName=GND Pin=IC6-EXP
Added Pin To Net: NetName=VBAT Pin=IC7-1
Added Pin To Net: NetName=NetC32_1 Pin=IC7-2
Added Pin To Net: NetName=GND Pin=IC7-3
Added Pin To Net: NetName=NetC32_2 Pin=IC7-4
Added Pin To Net: NetName=NetC34_1 Pin=IC7-5
Added Pin To Net: NetName=GND Pin=IC7-6
Added Pin To Net: NetName=GND Pin=IC7-7
Added Pin To Net: NetName=NetIC7_8 Pin=IC7-8
Added Pin To Net: NetName=VBAT Pin=IC7-9
Added Pin To Net: NetName=PIEZZO_B Pin=IC7-10
Added Pin To Net: NetName=NetC31_1 Pin=IC7-11
Added Pin To Net: NetName=PIEZZO_A Pin=IC7-12
Added Pin To Net: NetName=VBAT Pin=IC7-13
Added Pin To Net: NetName=GND Pin=IC7-14
Added Pin To Net: NetName=NetIC7_15 Pin=IC7-15
Added Pin To Net: NetName=BEEP_SHDN Pin=IC7-16
Added Pin To Net: NetName=GND Pin=IC7-EXP
Added Pin To Net: NetName=NetC18_2 Pin=L1-1
Added Pin To Net: NetName=NetIC6_33 Pin=L1-2
Added Pin To Net: NetName=NetC42_1 Pin=L2-1
Added Pin To Net: NetName=NetD3_A Pin=L2-2
Added Pin To Net: NetName=NetC25_1 Pin=Q1-1
Added Pin To Net: NetName=GND Pin=Q1-2
Added Pin To Net: NetName=NetC26_1 Pin=Q1-3
Added Pin To Net: NetName=GND Pin=Q1-4
Added Pin To Net: NetName=NetC27_1 Pin=Q2-1
Added Pin To Net: NetName=NetC28_1 Pin=Q2-2
Added Pin To Net: NetName=NetBP1_1 Pin=R1-1
Added Pin To Net: NetName=BT_UP Pin=R1-2
Added Pin To Net: NetName=GND Pin=R2-1
Added Pin To Net: NetName=BT_UP Pin=R2-2
Added Pin To Net: NetName=GND Pin=R3-1
Added Pin To Net: NetName=3.3_EN Pin=R3-2
Added Pin To Net: NetName=GND Pin=R4-1
Added Pin To Net: NetName=NetIC1_5 Pin=R4-2
Added Pin To Net: NetName=NetBP2_1 Pin=R5-1
Added Pin To Net: NetName=BT_DN Pin=R5-2
Added Pin To Net: NetName=NetD2_2 Pin=R6-1
Added Pin To Net: NetName=LATCH_3_3 Pin=R6-2
Added Pin To Net: NetName=GND Pin=R7-1
Added Pin To Net: NetName=BT_DN Pin=R7-2
Added Pin To Net: NetName=NetCON1_A5 Pin=R8-1
Added Pin To Net: NetName=GND Pin=R8-2
Added Pin To Net: NetName=GND Pin=R9-1
Added Pin To Net: NetName=NetCON1_B5 Pin=R9-2
Added Pin To Net: NetName=VBAT Pin=R10-1
Added Pin To Net: NetName=NetC9_2 Pin=R10-2
Added Pin To Net: NetName=BAT_MON Pin=R11-1
Added Pin To Net: NetName=NetR11_2 Pin=R11-2
Added Pin To Net: NetName=GND Pin=R12-1
Added Pin To Net: NetName=BAT_MON Pin=R12-2
Added Pin To Net: NetName=3V Pin=R13-1
Added Pin To Net: NetName=NetC18_2 Pin=R13-2
Added Pin To Net: NetName=GND Pin=R16-1
Added Pin To Net: NetName=NetIC6_4 Pin=R16-2
Added Pin To Net: NetName=NetIC7_15 Pin=R17-1
Added Pin To Net: NetName=PIEZZO_A Pin=R17-2
Added Pin To Net: NetName=NetC34_1 Pin=R18-1
Added Pin To Net: NetName=NetC31_1 Pin=R18-2
Added Pin To Net: NetName=NetIC7_8 Pin=R19-1
Added Pin To Net: NetName=NetC33_2 Pin=R19-2
Added Pin To Net: NetName=PIEZZO_B Pin=R20-1
Added Pin To Net: NetName=NetIC7_15 Pin=R20-2
Added Pin To Net: NetName=PIEZZO_B Pin=R21-1
Added Pin To Net: NetName=NetIC7_8 Pin=R21-2
Added Pin To Net: NetName=NetC42_1 Pin=R22-1
Added Pin To Net: NetName=3V Pin=R22-2
Added Pin To Net: NetName=GND Pin=R23-1
Added Pin To Net: NetName=RSENS Pin=R23-2
Added Pin To Net: NetName=NetC12_2 Pin=S1-1
Added Pin To Net: NetName=3V Pin=S1-2
Add Pin To Net: Unknown Pin: Pin T1-1
Add Pin To Net: Unknown Pin: Pin T1-2
Add Pin To Net: Unknown Pin: Pin T1-3
Add Pin To Net: Unknown Pin: Pin T2-1
Add Pin To Net: Unknown Pin: Pin T2-2
Add Pin To Net: Unknown Pin: Pin T2-3
Added Pin To Net: NetName=SPI_SCK Pin=U1-1
Added Pin To Net: NetName=SPI_MOSI Pin=U1-2
Added Pin To Net: NetName=SPI_MISO Pin=U1-3
Added Pin To Net: NetName=3V Pin=U1-4
Added Pin To Net: NetName=BARO_INT Pin=U1-5
Added Pin To Net: NetName=GND Pin=U1-6
Added Pin To Net: NetName=BARO_NSS Pin=U1-7
Added Pin To Net: NetName=1.8V Pin=U1-8
Added Pin To Net: NetName=NetA1_1 Pin=A1-1
Added Pin To Net: NetName=NetA1_1 Pin=C47-1
Added Pin To Net: NetName=NetA1_1 Pin=L3-2
Added Net: Name=NetA1_1
Added Pin To Net: NetName=NetC23_2 Pin=C23-2
Added Pin To Net: NetName=NetC23_2 Pin=C24-1
Added Pin To Net: NetName=NetC23_2 Pin=L3-1
Added Net: Name=NetC23_2
Added Member To Class: ClassName=Micro Member=Component A1 2450AT42E0100
Added Member To Class: ClassName=epd Member=Component C42 4.7uF (0402) AEC-Q200
Added Member To Class: ClassName=epd Member=Component C43 1uF (0402) AEC-Q200 HT
Added Member To Class: ClassName=epd Member=Component C44 1uF (0402) AEC-Q200 HT
Added Member To Class: ClassName=epd Member=Component C45 1uF (0402) AEC-Q200 HT
Added Member To Class: ClassName=epd Member=Component C46 1uF (0402) AEC-Q200 HT
Added Member To Class: ClassName=Micro Member=Component C47 NM (0402)
Added Member To Class: ClassName=Alim Member=Component CON1 USB4520-03-1-A
Added Member To Class: ClassName=Micro Member=Component CON2 54548-0871
Added Member To Class: ClassName=epd Member=Component CON3 52435-2471
Added Member To Class: ClassName=Alim Member=Component D1 BAV170MYL
Added Member To Class: ClassName=Alim Member=Component D2 BAV170MYL
Added Member To Class: ClassName=epd Member=Component D3 Schottky (0402) AEC-Q101
Added Member To Class: ClassName=epd Member=Component D4 Schottky (0402) AEC-Q101
Added Member To Class: ClassName=epd Member=Component D5 Schottky (0402) AEC-Q101
Added Member To Class: ClassName=Micro Member=Component F1 MLPF-WB55-01E3
Added Member To Class: ClassName=Alim Member=Component IC1 MCP73831
Added Member To Class: ClassName=Alim Member=Component IC2 MIC5233_3V
Added Member To Class: ClassName=Alim Member=Component IC3 MIC5233_1.8V
Added Member To Class: ClassName=Alim Member=Component IC4 74AUP1G80
Added Member To Class: ClassName=Micro Member=Component IC5 USBLC6-2
Added Member To Class: ClassName=Micro Member=Component IC6 STM32WB55CGU
Added Member To Class: ClassName=beep Member=Component IC7 MAX97220E
Added Member To Class: ClassName=Micro Member=Component L1 10uH (2.5x2) AEC-Q200
Added Member To Class: ClassName=epd Member=Component L2 4.7uH (0603)
Added Member To Class: ClassName=Micro Member=Component L3 NM (0402)
Added Member To Class: ClassName=Micro Member=Component Q1 ECS-320-8-47Q-CES-TR
Added Member To Class: ClassName=Micro Member=Component Q2 ECS-.327-12.5-34QCS-TR
Added Member To Class: ClassName=Alim Member=Component R1 1k (0402)
Added Member To Class: ClassName=Alim Member=Component R2 10k (0402)
Added Member To Class: ClassName=Alim Member=Component R3 1M (0402)
Added Member To Class: ClassName=Alim Member=Component R4 47k (0402)
Added Member To Class: ClassName=Alim Member=Component R5 1k (0402)
Added Member To Class: ClassName=Alim Member=Component R6 1k (0402)
Added Member To Class: ClassName=Alim Member=Component R7 10k (0402)
Added Member To Class: ClassName=Alim Member=Component R8 5k1 (0402) AEC-Q200
Added Member To Class: ClassName=Alim Member=Component R9 5k1 (0402) AEC-Q200
Added Member To Class: ClassName=Alim Member=Component R10 1M (0402)
Added Member To Class: ClassName=Alim Member=Component R11 100k (0402)
Added Member To Class: ClassName=Alim Member=Component R12 100k (0402)
Added Member To Class: ClassName=Micro Member=Component R13 NM (0402)
Added Member To Class: ClassName=Micro Member=Component R16 10k (0402) AEC-Q200
Added Member To Class: ClassName=beep Member=Component R17 10k (0402)
Added Member To Class: ClassName=beep Member=Component R18 NM (0402)
Added Member To Class: ClassName=beep Member=Component R19 10k (0402)
Added Member To Class: ClassName=beep Member=Component R20 10k (0402)
Added Member To Class: ClassName=beep Member=Component R21 10k (0402)
Added Member To Class: ClassName=epd Member=Component R22 0R (0402) AEC-Q200
Added Member To Class: ClassName=epd Member=Component R23 2R2 (0402)
Added Member To Class: ClassName=Micro Member=Component S1 Ferrite (0402) 1k AEC-Q200
Add Class Member: Failed to add class member : Component T1 BS170F
Add Class Member: Failed to add class member : Component T2 BS170F
Added Member To Class: ClassName=baro Member=Component U1 BMP585
