Added Component: Designator=BP1(B3FS)
Add component (AddParameter): Name = "Fabricant"; Value = "Omron"; VariantName = "[No Variations]"
Add component (AddParameter): Name = "Référence"; Value = "B3FS-1012P"; VariantName = "[No Variations]"
Add component (AddParameter): Name = "Value"; Value = "B3FS-1012P"; VariantName = "[No Variations]"
Added Component: Designator=BP2(B3FS)
Add component (AddParameter): Name = "Fabricant"; Value = "Omron"; VariantName = "[No Variations]"
Add component (AddParameter): Name = "Référence"; Value = "B3FS-1012P"; VariantName = "[No Variations]"
Add component (AddParameter): Name = "Value"; Value = "B3FS-1012P"; VariantName = "[No Variations]"
Added Component: Designator=C1(C0201)
Add component (AddParameter): Name = "Fabricant"; Value = "Murata"; VariantName = "[No Variations]"
Add component (AddParameter): Name = "Référence"; Value = "GRT033D70J105ME13D"; VariantName = "[No Variations]"
Add component (AddParameter): Name = "Value"; Value = "1uF"; VariantName = "[No Variations]"
Added Component: Designator=C2(C0201)
Add component (AddParameter): Name = "Fabricant"; Value = "Murata"; VariantName = "[No Variations]"
Add component (AddParameter): Name = "Référence"; Value = "GRT033D70J105ME13D"; VariantName = "[No Variations]"
Add component (AddParameter): Name = "Value"; Value = "1uF"; VariantName = "[No Variations]"
Added Component: Designator=C3(C0201)
Add component (AddParameter): Name = "Fabricant"; Value = "Murata"; VariantName = "[No Variations]"
Add component (AddParameter): Name = "Référence"; Value = "GRT033D70J105ME13D"; VariantName = "[No Variations]"
Add component (AddParameter): Name = "Value"; Value = "1uF"; VariantName = "[No Variations]"
Added Component: Designator=C4(C0201)
Add component (AddParameter): Name = "Fabricant"; Value = "Murata"; VariantName = "[No Variations]"
Add component (AddParameter): Name = "Référence"; Value = "GRT033D70J105ME13D"; VariantName = "[No Variations]"
Add component (AddParameter): Name = "Value"; Value = "1uF"; VariantName = "[No Variations]"
Added Component: Designator=C5(C0201)
Add component (AddParameter): Name = "Fabricant"; Value = "Murata"; VariantName = "[No Variations]"
Add component (AddParameter): Name = "Référence"; Value = "GRT033D70J105ME13D"; VariantName = "[No Variations]"
Add component (AddParameter): Name = "Value"; Value = "1uF"; VariantName = "[No Variations]"
Added Component: Designator=C6(C0201)
Add component (AddParameter): Name = "Fabricant"; Value = "Murata"; VariantName = "[No Variations]"
Add component (AddParameter): Name = "Référence"; Value = "GRT033D70J105ME13D"; VariantName = "[No Variations]"
Add component (AddParameter): Name = "Value"; Value = "1uF"; VariantName = "[No Variations]"
Added Component: Designator=C7(C0201)
Add component (AddParameter): Name = "Fabricant"; Value = "Murata"; VariantName = "[No Variations]"
Add component (AddParameter): Name = "Référence"; Value = "GRT033D70J105ME13D"; VariantName = "[No Variations]"
Add component (AddParameter): Name = "Value"; Value = "1uF"; VariantName = "[No Variations]"
Added Component: Designator=C8(C0201)
Add component (AddParameter): Name = "Fabricant"; Value = "Murata"; VariantName = "[No Variations]"
Add component (AddParameter): Name = "Référence"; Value = "GRT033D70J105ME13D"; VariantName = "[No Variations]"
Add component (AddParameter): Name = "Value"; Value = "1uF"; VariantName = "[No Variations]"
Added Component: Designator=C9(C0201)
Add component (AddParameter): Name = "Fabricant"; Value = "MURATA"; VariantName = "[No Variations]"
Add component (AddParameter): Name = "Référence"; Value = "GRT033C71C104KE01D"; VariantName = "[No Variations]"
Add component (AddParameter): Name = "Value"; Value = "100nF"; VariantName = "[No Variations]"
Added Component: Designator=C10(C0201)
Add component (AddParameter): Name = "Fabricant"; Value = "MURATA"; VariantName = "[No Variations]"
Add component (AddParameter): Name = "Référence"; Value = "GRT033C71C104KE01D"; VariantName = "[No Variations]"
Add component (AddParameter): Name = "Value"; Value = "100nF"; VariantName = "[No Variations]"
Added Component: Designator=C11(C0201)
Add component (AddParameter): Name = "Fabricant"; Value = "TAIYO YUDEN"; VariantName = "[No Variations]"
Add component (AddParameter): Name = "Référence"; Value = "MSASA063EB5475MFNA01"; VariantName = "[No Variations]"
Add component (AddParameter): Name = "Value"; Value = "4.7uF"; VariantName = "[No Variations]"
Added Component: Designator=C12(C0201)
Add component (AddParameter): Name = "Fabricant"; Value = "MURATA"; VariantName = "[No Variations]"
Add component (AddParameter): Name = "Référence"; Value = "GRT033C71C104KE01D"; VariantName = "[No Variations]"
Add component (AddParameter): Name = "Value"; Value = "100nF"; VariantName = "[No Variations]"
Added Component: Designator=C13(C0201)
Add component (AddParameter): Name = "Fabricant"; Value = "Murata"; VariantName = "[No Variations]"
Add component (AddParameter): Name = "Référence"; Value = "GRT033D70J105ME13D"; VariantName = "[No Variations]"
Add component (AddParameter): Name = "Value"; Value = "1uF"; VariantName = "[No Variations]"
Added Component: Designator=C14(C0201)
Add component (AddParameter): Name = "Fabricant"; Value = "Murata"; VariantName = "[No Variations]"
Add component (AddParameter): Name = "Référence"; Value = "GRT033D70J105ME13D"; VariantName = "[No Variations]"
Add component (AddParameter): Name = "Value"; Value = "1uF"; VariantName = "[No Variations]"
Added Component: Designator=C15(C0201)
Add component (AddParameter): Name = "Fabricant"; Value = "Murata"; VariantName = "[No Variations]"
Add component (AddParameter): Name = "Référence"; Value = "GRT033D70J105ME13D"; VariantName = "[No Variations]"
Add component (AddParameter): Name = "Value"; Value = "1uF"; VariantName = "[No Variations]"
Added Component: Designator=C16(C0201)
Add component (AddParameter): Name = "Fabricant"; Value = "Murata"; VariantName = "[No Variations]"
Add component (AddParameter): Name = "Référence"; Value = "GRT033D70J105ME13D"; VariantName = "[No Variations]"
Add component (AddParameter): Name = "Value"; Value = "1uF"; VariantName = "[No Variations]"
Added Component: Designator=C17(C0201)
Add component (AddParameter): Name = "Fabricant"; Value = "Murata"; VariantName = "[No Variations]"
Add component (AddParameter): Name = "Référence"; Value = "GRT033D70J105ME13D"; VariantName = "[No Variations]"
Add component (AddParameter): Name = "Value"; Value = "1uF"; VariantName = "[No Variations]"
Added Component: Designator=C18(C0201)
Add component (AddParameter): Name = "Fabricant"; Value = "Murata"; VariantName = "[No Variations]"
Add component (AddParameter): Name = "Référence"; Value = "GRT033D70J105ME13D"; VariantName = "[No Variations]"
Add component (AddParameter): Name = "Value"; Value = "1uF"; VariantName = "[No Variations]"
Added Component: Designator=C19(C0201)
Add component (AddParameter): Name = "Fabricant"; Value = "Murata"; VariantName = "[No Variations]"
Add component (AddParameter): Name = "Référence"; Value = "GRT033D70J105ME13D"; VariantName = "[No Variations]"
Add component (AddParameter): Name = "Value"; Value = "1uF"; VariantName = "[No Variations]"
Added Component: Designator=C20(C0201)
Add component (AddParameter): Name = "Fabricant"; Value = "Murata"; VariantName = "[No Variations]"
Add component (AddParameter): Name = "Référence"; Value = "GRT033D70J105ME13D"; VariantName = "[No Variations]"
Add component (AddParameter): Name = "Value"; Value = "1uF"; VariantName = "[No Variations]"
Added Component: Designator=C21(C0201)
Add component (AddParameter): Name = "Fabricant"; Value = "Murata"; VariantName = "[No Variations]"
Add component (AddParameter): Name = "Référence"; Value = "GRT033D70J105ME13D"; VariantName = "[No Variations]"
Add component (AddParameter): Name = "Value"; Value = "1uF"; VariantName = "[No Variations]"
Added Component: Designator=C22(C0201)
Add component (AddParameter): Name = "Fabricant"; Value = "Murata"; VariantName = "[No Variations]"
Add component (AddParameter): Name = "Référence"; Value = "GRT033D70J105ME13D"; VariantName = "[No Variations]"
Add component (AddParameter): Name = "Value"; Value = "1uF"; VariantName = "[No Variations]"
Added Component: Designator=C23(C0201)
Add component (AddParameter): Name = "Fabricant"; Value = "Murata"; VariantName = "[No Variations]"
Add component (AddParameter): Name = "Référence"; Value = "GRT033D70J105ME13D"; VariantName = "[No Variations]"
Add component (AddParameter): Name = "Value"; Value = "1uF"; VariantName = "[No Variations]"
Added Component: Designator=C24(C0201)
Add component (AddParameter): Name = "Fabricant"; Value = "Murata"; VariantName = "[No Variations]"
Add component (AddParameter): Name = "Référence"; Value = "GRT033D70J105ME13D"; VariantName = "[No Variations]"
Add component (AddParameter): Name = "Value"; Value = "1uF"; VariantName = "[No Variations]"
Added Component: Designator=C25(C0402)
Add component (AddParameter): Name = "Fabricant"; Value = "Murata Electronics"; VariantName = "[No Variations]"
Add component (AddParameter): Name = "Référence"; Value = "GRM155C81E225KE11D"; VariantName = "[No Variations]"
Add component (AddParameter): Name = "Value"; Value = "2.2uF"; VariantName = "[No Variations]"
Added Component: Designator=C26(C0201)
Add component (AddParameter): Name = "Fabricant"; Value = "Murata"; VariantName = "[No Variations]"
Add component (AddParameter): Name = "Référence"; Value = "GRT033D70J105ME13D"; VariantName = "[No Variations]"
Add component (AddParameter): Name = "Value"; Value = "1uF"; VariantName = "[No Variations]"
Added Component: Designator=C27(C0201)
Add component (AddParameter): Name = "Fabricant"; Value = "MURATA"; VariantName = "[No Variations]"
Add component (AddParameter): Name = "Référence"; Value = "GRT033C71C104KE01D"; VariantName = "[No Variations]"
Add component (AddParameter): Name = "Value"; Value = "100nF"; VariantName = "[No Variations]"
Added Component: Designator=CON1(USB4520-03-1-A)
Add component (AddParameter): Name = "Fabricant"; Value = "GCT"; VariantName = "[No Variations]"
Add component (AddParameter): Name = "Référence"; Value = "USB4520-03-1-A"; VariantName = "[No Variations]"
Add component (AddParameter): Name = "Value"; Value = "USB4520-03-1-A"; VariantName = "[No Variations]"
Added Component: Designator=CON2(52437-3071)
Add component (AddParameter): Name = "Fabricant"; Value = "MOLEX"; VariantName = "[No Variations]"
Add component (AddParameter): Name = "Référence"; Value = "52437-3071"; VariantName = "[No Variations]"
Add component (AddParameter): Name = "Value"; Value = "52437-3071"; VariantName = "[No Variations]"
Added Component: Designator=CON3(54548-0871)
Add component (AddParameter): Name = "Fabricant"; Value = "MOLEX"; VariantName = "[No Variations]"
Add component (AddParameter): Name = "Référence"; Value = "54548-0871"; VariantName = "[No Variations]"
Add component (AddParameter): Name = "Value"; Value = "54548-0871"; VariantName = "[No Variations]"
Added Component: Designator=D1(DFN1006-3)
Add component (AddParameter): Name = "Fabricant"; Value = "Nexperia"; VariantName = "[No Variations]"
Add component (AddParameter): Name = "Référence"; Value = "BAV170MYL"; VariantName = "[No Variations]"
Add component (AddParameter): Name = "Value"; Value = "BAV170MYL"; VariantName = "[No Variations]"
Added Component: Designator=D2(DFN1006-3)
Add component (AddParameter): Name = "Fabricant"; Value = "Nexperia"; VariantName = "[No Variations]"
Add component (AddParameter): Name = "Référence"; Value = "BAV170MYL"; VariantName = "[No Variations]"
Add component (AddParameter): Name = "Value"; Value = "BAV170MYL"; VariantName = "[No Variations]"
Added Component: Designator=D3(SOD-523 (0603))
Add component (AddParameter): Name = "Fabricant"; Value = "Nexperia"; VariantName = "[No Variations]"
Add component (AddParameter): Name = "Référence"; Value = "1PS79SB40,115"; VariantName = "[No Variations]"
Add component (AddParameter): Name = "Value"; Value = "Schottky"; VariantName = "[No Variations]"
Added Component: Designator=IC1(SOT23-5)
Add component (AddParameter): Name = "Fabricant"; Value = ""; VariantName = "[No Variations]"
Add component (AddParameter): Name = "Référence"; Value = "MCP73831T-2ACI/OT"; VariantName = "[No Variations]"
Add component (AddParameter): Name = "Value"; Value = "MCP73831"; VariantName = "[No Variations]"
Added Component: Designator=IC2(BGA4C35P2X2)
Add component (AddParameter): Name = "Datasheet Link"; Value = "https://www.ti.com/lit/ds/symlink/tps7a02.pdf?ts=1649920047900&ref_url=https%253A%252F%252Fwww.mouser.fr%252F"; VariantName = "[No Variations]"
Add component (AddParameter): Name = "Fabricant"; Value = "Texas Instruments"; VariantName = "[No Variations]"
Add component (AddParameter): Name = "Geometry.Height"; Value = "0.4mm"; VariantName = "[No Variations]"
Add component (AddParameter): Name = "Mouser Part Number"; Value = "595-TPS7A0333PYCHR"; VariantName = "[No Variations]"
Add component (AddParameter): Name = "Référence"; Value = "TPS7A0333PYCHR"; VariantName = "[No Variations]"
Add component (AddParameter): Name = "Value"; Value = "TPS7A0333PYCHR"; VariantName = "[No Variations]"
Added Component: Designator=IC3(WSON6 (1.5x1.5))
Add component (AddParameter): Name = "Fabricant"; Value = "Texas Instrument"; VariantName = "[No Variations]"
Add component (AddParameter): Name = "Référence"; Value = "TLV70018DSER"; VariantName = "[No Variations]"
Add component (AddParameter): Name = "Value"; Value = "TLV70018"; VariantName = "[No Variations]"
Added Component: Designator=IC4(FDFN4)
Add component (AddParameter): Name = "Fabricant"; Value = "Microchip"; VariantName = "[No Variations]"
Add component (AddParameter): Name = "Référence"; Value = "MIC94040YFL-TR"; VariantName = "[No Variations]"
Add component (AddParameter): Name = "Value"; Value = "MIC94040YFL-TR"; VariantName = "[No Variations]"
Added Component: Designator=IC5(SiP-LGA86)
Add component (AddParameter): Name = "Fabricant"; Value = "ST"; VariantName = "[No Variations]"
Add component (AddParameter): Name = "Référence"; Value = "STM32WB5MMG"; VariantName = "[No Variations]"
Add component (AddParameter): Name = "Value"; Value = "STM32WB5MMG"; VariantName = "[No Variations]"
Added Component: Designator=IC6(SOT23-6)
Add component (AddParameter): Name = "Fabricant"; Value = "ST"; VariantName = "[No Variations]"
Add component (AddParameter): Name = "Référence"; Value = "USBLC6-2SC6"; VariantName = "[No Variations]"
Add component (AddParameter): Name = "Value"; Value = "USBLC6-2SC6"; VariantName = "[No Variations]"
Added Component: Designator=R1(R0201)
Add component (AddParameter): Name = "Fabricant"; Value = "VISHAY"; VariantName = "[No Variations]"
Add component (AddParameter): Name = "Référence"; Value = "CRCW02011K00FKED"; VariantName = "[No Variations]"
Add component (AddParameter): Name = "Value"; Value = "1k"; VariantName = "[No Variations]"
Added Component: Designator=R2(R0201)
Add component (AddParameter): Name = "Fabricant"; Value = "YAGEO"; VariantName = "[No Variations]"
Add component (AddParameter): Name = "Référence"; Value = "RE0201BRE0710KL"; VariantName = "[No Variations]"
Add component (AddParameter): Name = "Value"; Value = "10k 0.1%"; VariantName = "[No Variations]"
Added Component: Designator=R3(R0402)
Add component (AddParameter): Name = "Fabricant"; Value = "MULTICOMP"; VariantName = "[No Variations]"
Add component (AddParameter): Name = "Référence"; Value = "MCWR04X1004FTL"; VariantName = "[No Variations]"
Add component (AddParameter): Name = "Value"; Value = "1M"; VariantName = "[No Variations]"
Added Component: Designator=R4(R0201)
Add component (AddParameter): Name = "Fabricant"; Value = "VISHAY"; VariantName = "[No Variations]"
Add component (AddParameter): Name = "Référence"; Value = "CRCW020147K0FKED"; VariantName = "[No Variations]"
Add component (AddParameter): Name = "Value"; Value = "47k"; VariantName = "[No Variations]"
Added Component: Designator=R5(R0201)
Add component (AddParameter): Name = "Fabricant"; Value = "VISHAY"; VariantName = "[No Variations]"
Add component (AddParameter): Name = "Référence"; Value = "CRCW02011K00FKED"; VariantName = "[No Variations]"
Add component (AddParameter): Name = "Value"; Value = "1k"; VariantName = "[No Variations]"
Added Component: Designator=R6(R0201)
Add component (AddParameter): Name = "Fabricant"; Value = "VISHAY"; VariantName = "[No Variations]"
Add component (AddParameter): Name = "Référence"; Value = "CRCW02011K00FKED"; VariantName = "[No Variations]"
Add component (AddParameter): Name = "Value"; Value = "1k"; VariantName = "[No Variations]"
Added Component: Designator=R7(R0201)
Add component (AddParameter): Name = "Fabricant"; Value = "YAGEO"; VariantName = "[No Variations]"
Add component (AddParameter): Name = "Référence"; Value = "RE0201BRE0710KL"; VariantName = "[No Variations]"
Add component (AddParameter): Name = "Value"; Value = "10k 0.1%"; VariantName = "[No Variations]"
Added Component: Designator=R8(R0201)
Add component (AddParameter): Name = "Fabricant"; Value = "VISHAY"; VariantName = "[No Variations]"
Add component (AddParameter): Name = "Référence"; Value = "CRCW02015K10FKED"; VariantName = "[No Variations]"
Add component (AddParameter): Name = "Value"; Value = "5k1"; VariantName = "[No Variations]"
Added Component: Designator=R9(R0201)
Add component (AddParameter): Name = "Fabricant"; Value = "VISHAY"; VariantName = "[No Variations]"
Add component (AddParameter): Name = "Référence"; Value = "CRCW02015K10FKED"; VariantName = "[No Variations]"
Add component (AddParameter): Name = "Value"; Value = "5k1"; VariantName = "[No Variations]"
Added Component: Designator=R10(R0402)
Add component (AddParameter): Name = "Fabricant"; Value = "MULTICOMP"; VariantName = "[No Variations]"
Add component (AddParameter): Name = "Référence"; Value = "MCWR04X1004FTL"; VariantName = "[No Variations]"
Add component (AddParameter): Name = "Value"; Value = "1M"; VariantName = "[No Variations]"
Added Component: Designator=R11(R0402)
Add component (AddParameter): Name = "Fabricant"; Value = "MULTICOMP"; VariantName = "[No Variations]"
Add component (AddParameter): Name = "Référence"; Value = "MCWR04X1003FTL"; VariantName = "[No Variations]"
Add component (AddParameter): Name = "Value"; Value = "100k"; VariantName = "[No Variations]"
Added Component: Designator=R12(R0402)
Add component (AddParameter): Name = "Fabricant"; Value = "MULTICOMP"; VariantName = "[No Variations]"
Add component (AddParameter): Name = "Référence"; Value = "MCWR04X1003FTL"; VariantName = "[No Variations]"
Add component (AddParameter): Name = "Value"; Value = "100k"; VariantName = "[No Variations]"
Added Component: Designator=R13(R0402 (NM))
Add component (AddParameter): Name = "Value"; Value = "NM"; VariantName = "[No Variations]"
Added Component: Designator=R14(R0402 (NM))
Add component (AddParameter): Name = "Value"; Value = "NM"; VariantName = "[No Variations]"
Added Component: Designator=R15(R0201)
Add component (AddParameter): Name = "Fabricant"; Value = "YAGEO"; VariantName = "[No Variations]"
Add component (AddParameter): Name = "Référence"; Value = "RE0201BRE0710KL"; VariantName = "[No Variations]"
Add component (AddParameter): Name = "Value"; Value = "10k 0.1%"; VariantName = "[No Variations]"
Added Component: Designator=T1(SOT-23-3)
Add component (AddParameter): Name = "Fabricant"; Value = "Diodes Inc."; VariantName = "[No Variations]"
Add component (AddParameter): Name = "RefSupplier"; Value = "9526005"; VariantName = "[No Variations]"
Add component (AddParameter): Name = "Référence"; Value = "BS170F"; VariantName = "[No Variations]"
Add component (AddParameter): Name = "Supplier"; Value = "Farnell"; VariantName = "[No Variations]"
Add component (AddParameter): Name = "Value"; Value = "BS170F"; VariantName = "[No Variations]"
Added Component: Designator=U1(Bosch_Sensortec_0_MFG)
Add component (AddParameter): Name = "Fabriquant"; Value = "BMP581 by Bosch Sensortec"; VariantName = "[No Variations]"
Add component (AddParameter): Name = "Référence"; Value = "BMP581"; VariantName = "[No Variations]"
Add component (AddParameter): Name = "Value"; Value = "BMP581"; VariantName = "[No Variations]"
Added Pin To Net: NetName=1.8V Pin=C8-1
Added Pin To Net: NetName=1.8V Pin=IC3-3
Added Pin To Net: NetName=1.8V Pin=U1-10
Added Net: Name=1.8V
Added Pin To Net: NetName=3.3_EN Pin=D1-3
Added Pin To Net: NetName=3.3_EN Pin=D2-3
Added Pin To Net: NetName=3.3_EN Pin=IC2-B1
Added Pin To Net: NetName=3.3_EN Pin=R3-2
Added Net: Name=3.3_EN
Added Pin To Net: NetName=3V Pin=C6-1
Added Pin To Net: NetName=3V Pin=C10-1
Added Pin To Net: NetName=3V Pin=C11-1
Added Pin To Net: NetName=3V Pin=CON2-3
Added Pin To Net: NetName=3V Pin=CON3-2
Added Pin To Net: NetName=3V Pin=IC2-A2
Added Pin To Net: NetName=3V Pin=IC5-4
Added Pin To Net: NetName=3V Pin=IC5-6
Added Pin To Net: NetName=3V Pin=IC5-15
Added Pin To Net: NetName=3V Pin=IC5-32
Added Pin To Net: NetName=3V Pin=R13-2
Added Pin To Net: NetName=3V Pin=R15-2
Added Pin To Net: NetName=3V Pin=U1-1
Added Net: Name=3V
Added Pin To Net: NetName=BARO_INT Pin=D1-2
Added Pin To Net: NetName=BARO_INT Pin=IC5-38
Added Pin To Net: NetName=BARO_INT Pin=U1-7
Added Net: Name=BARO_INT
Added Pin To Net: NetName=BARO_SPI_MISO Pin=IC5-20
Added Pin To Net: NetName=BARO_SPI_MISO Pin=U1-5
Added Net: Name=BARO_SPI_MISO
Added Pin To Net: NetName=BARO_SPI_MOSI Pin=IC5-19
Added Pin To Net: NetName=BARO_SPI_MOSI Pin=U1-4
Added Net: Name=BARO_SPI_MOSI
Added Pin To Net: NetName=BARO_SPI_NSS Pin=IC5-27
Added Pin To Net: NetName=BARO_SPI_NSS Pin=U1-6
Added Net: Name=BARO_SPI_NSS
Added Pin To Net: NetName=BARO_SPI_SCK Pin=IC5-2
Added Pin To Net: NetName=BARO_SPI_SCK Pin=U1-2
Added Net: Name=BARO_SPI_SCK
Added Pin To Net: NetName=BAT_MON_EN Pin=C9-1
Added Pin To Net: NetName=BAT_MON_EN Pin=IC5-42
Added Net: Name=BAT_MON_EN
Added Pin To Net: NetName=BAT_MON Pin=IC5-12
Added Pin To Net: NetName=BAT_MON Pin=R11-1
Added Pin To Net: NetName=BAT_MON Pin=R12-2
Added Net: Name=BAT_MON
Added Pin To Net: NetName=BT_DN Pin=C4-1
Added Pin To Net: NetName=BT_DN Pin=D2-1
Added Pin To Net: NetName=BT_DN Pin=IC5-23
Added Pin To Net: NetName=BT_DN Pin=R5-2
Added Pin To Net: NetName=BT_DN Pin=R7-2
Added Net: Name=BT_DN
Added Pin To Net: NetName=BT_UP Pin=C1-1
Added Pin To Net: NetName=BT_UP Pin=D1-1
Added Pin To Net: NetName=BT_UP Pin=IC5-22
Added Pin To Net: NetName=BT_UP Pin=R1-2
Added Pin To Net: NetName=BT_UP Pin=R2-2
Added Net: Name=BT_UP
Added Pin To Net: NetName=D_N Pin=CON1-A7
Added Pin To Net: NetName=D_N Pin=CON1-B7
Added Pin To Net: NetName=D_N Pin=IC6-3
Added Net: Name=D_N
Added Pin To Net: NetName=D_P Pin=CON1-A6
Added Pin To Net: NetName=D_P Pin=CON1-B6
Added Pin To Net: NetName=D_P Pin=IC6-1
Added Net: Name=D_P
Added Pin To Net: NetName=EPD_BS Pin=CON2-10
Added Pin To Net: NetName=EPD_BS Pin=IC5-37
Added Net: Name=EPD_BS
Added Pin To Net: NetName=EPD_BUSY Pin=CON2-9
Added Pin To Net: NetName=EPD_BUSY Pin=IC5-41
Added Net: Name=EPD_BUSY
Added Pin To Net: NetName=EPD_NRST Pin=CON2-8
Added Pin To Net: NetName=EPD_NRST Pin=IC5-9
Added Net: Name=EPD_NRST
Added Pin To Net: NetName=EPD_SPI_MISO Pin=CON2-7
Added Pin To Net: NetName=EPD_SPI_MISO Pin=IC5-70
Added Net: Name=EPD_SPI_MISO
Added Pin To Net: NetName=EPD_SPI_MOSI Pin=CON2-4
Added Pin To Net: NetName=EPD_SPI_MOSI Pin=IC5-3
Added Net: Name=EPD_SPI_MOSI
Added Pin To Net: NetName=EPD_SPI_NSS Pin=CON2-6
Added Pin To Net: NetName=EPD_SPI_NSS Pin=IC5-11
Added Net: Name=EPD_SPI_NSS
Added Pin To Net: NetName=EPD_SPI_SCK Pin=CON2-5
Added Pin To Net: NetName=EPD_SPI_SCK Pin=IC5-34
Added Net: Name=EPD_SPI_SCK
Added Pin To Net: NetName=EPD_VPP Pin=CON2-1
Added Pin To Net: NetName=EPD_VPP Pin=R13-1
Added Pin To Net: NetName=EPD_VPP Pin=R14-1
Added Net: Name=EPD_VPP
Added Pin To Net: NetName=GND Pin=C1-2
Added Pin To Net: NetName=GND Pin=C2-2
Added Pin To Net: NetName=GND Pin=C3-2
Added Pin To Net: NetName=GND Pin=C4-2
Added Pin To Net: NetName=GND Pin=C5-2
Added Pin To Net: NetName=GND Pin=C6-2
Added Pin To Net: NetName=GND Pin=C7-2
Added Pin To Net: NetName=GND Pin=C8-2
Added Pin To Net: NetName=GND Pin=C10-2
Added Pin To Net: NetName=GND Pin=C11-2
Added Pin To Net: NetName=GND Pin=C12-2
Added Pin To Net: NetName=GND Pin=C13-1
Added Pin To Net: NetName=GND Pin=C14-1
Added Pin To Net: NetName=GND Pin=C15-1
Added Pin To Net: NetName=GND Pin=C16-1
Added Pin To Net: NetName=GND Pin=C18-1
Added Pin To Net: NetName=GND Pin=C24-1
Added Pin To Net: NetName=GND Pin=C25-2
Added Pin To Net: NetName=GND Pin=C26-1
Added Pin To Net: NetName=GND Pin=C27-1
Added Pin To Net: NetName=GND Pin=CON1-A1
Added Pin To Net: NetName=GND Pin=CON1-A12
Added Pin To Net: NetName=GND Pin=CON1-B1
Added Pin To Net: NetName=GND Pin=CON1-B12
Added Pin To Net: NetName=GND Pin=CON1-M1
Added Pin To Net: NetName=GND Pin=CON1-M2
Added Pin To Net: NetName=GND Pin=CON1-M3
Added Pin To Net: NetName=GND Pin=CON1-M4
Added Pin To Net: NetName=GND Pin=CON2-2
Added Pin To Net: NetName=GND Pin=CON2-M1
Added Pin To Net: NetName=GND Pin=CON2-M1
Added Pin To Net: NetName=GND Pin=CON2-M2
Added Pin To Net: NetName=GND Pin=CON2-M2
Added Pin To Net: NetName=GND Pin=CON3-1
Added Pin To Net: NetName=GND Pin=CON3-M1
Added Pin To Net: NetName=GND Pin=CON3-M2
Added Pin To Net: NetName=GND Pin=D3-K
Added Pin To Net: NetName=GND Pin=IC1-2
Added Pin To Net: NetName=GND Pin=IC2-B2
Added Pin To Net: NetName=GND Pin=IC3-2
Added Pin To Net: NetName=GND Pin=IC4-2
Added Pin To Net: NetName=GND Pin=IC5-5
Added Pin To Net: NetName=GND Pin=IC5-16
Added Pin To Net: NetName=GND Pin=IC5-17
Added Pin To Net: NetName=GND Pin=IC5-31
Added Pin To Net: NetName=GND Pin=IC5-57
Added Pin To Net: NetName=GND Pin=IC5-60
Added Pin To Net: NetName=GND Pin=IC5-84
Added Pin To Net: NetName=GND Pin=IC5-86
Added Pin To Net: NetName=GND Pin=IC6-2
Added Pin To Net: NetName=GND Pin=R2-1
Added Pin To Net: NetName=GND Pin=R3-1
Added Pin To Net: NetName=GND Pin=R4-1
Added Pin To Net: NetName=GND Pin=R7-1
Added Pin To Net: NetName=GND Pin=R8-2
Added Pin To Net: NetName=GND Pin=R9-2
Added Pin To Net: NetName=GND Pin=R12-1
Added Pin To Net: NetName=GND Pin=R14-2
Added Pin To Net: NetName=GND Pin=U1-3
Added Pin To Net: NetName=GND Pin=U1-8
Added Pin To Net: NetName=GND Pin=U1-9
Added Net: Name=GND
Added Pin To Net: NetName=LATCH_1_8 Pin=IC4-4
Added Pin To Net: NetName=LATCH_1_8 Pin=IC5-45
Added Net: Name=LATCH_1_8
Added Pin To Net: NetName=LATCH_3_3 Pin=IC5-46
Added Pin To Net: NetName=LATCH_3_3 Pin=R6-2
Added Net: Name=LATCH_3_3
Added Pin To Net: NetName=NetBP1_2 Pin=BP1-2
Added Pin To Net: NetName=NetBP1_2 Pin=R1-1
Added Net: Name=NetBP1_2
Added Pin To Net: NetName=NetBP2_2 Pin=BP2-2
Added Pin To Net: NetName=NetBP2_2 Pin=R5-1
Added Net: Name=NetBP2_2
Added Pin To Net: NetName=NetC9_2 Pin=C9-2
Added Pin To Net: NetName=NetC9_2 Pin=R10-2
Added Pin To Net: NetName=NetC9_2 Pin=T1-1
Added Net: Name=NetC9_2
Added Pin To Net: NetName=NetC12_1 Pin=C12-1
Added Pin To Net: NetName=NetC12_1 Pin=C13-2
Added Pin To Net: NetName=NetC12_1 Pin=CON2-11
Added Net: Name=NetC12_1
Added Pin To Net: NetName=NetC14_2 Pin=C14-2
Added Pin To Net: NetName=NetC14_2 Pin=CON2-12
Added Net: Name=NetC14_2
Added Pin To Net: NetName=NetC15_2 Pin=C15-2
Added Pin To Net: NetName=NetC15_2 Pin=CON2-13
Added Net: Name=NetC15_2
Added Pin To Net: NetName=NetC16_2 Pin=C16-2
Added Pin To Net: NetName=NetC16_2 Pin=CON2-14
Added Net: Name=NetC16_2
Added Pin To Net: NetName=NetC17_1 Pin=C17-1
Added Pin To Net: NetName=NetC17_1 Pin=CON2-17
Added Net: Name=NetC17_1
Added Pin To Net: NetName=NetC17_2 Pin=C17-2
Added Pin To Net: NetName=NetC17_2 Pin=CON2-16
Added Net: Name=NetC17_2
Added Pin To Net: NetName=NetC18_2 Pin=C18-2
Added Pin To Net: NetName=NetC18_2 Pin=CON2-15
Added Pin To Net: NetName=NetC18_2 Pin=D3-A
Added Net: Name=NetC18_2
Added Pin To Net: NetName=NetC19_1 Pin=C19-1
Added Pin To Net: NetName=NetC19_1 Pin=CON2-19
Added Net: Name=NetC19_1
Added Pin To Net: NetName=NetC19_2 Pin=C19-2
Added Pin To Net: NetName=NetC19_2 Pin=CON2-18
Added Net: Name=NetC19_2
Added Pin To Net: NetName=NetC20_1 Pin=C20-1
Added Pin To Net: NetName=NetC20_1 Pin=CON2-21
Added Net: Name=NetC20_1
Added Pin To Net: NetName=NetC20_2 Pin=C20-2
Added Pin To Net: NetName=NetC20_2 Pin=CON2-20
Added Net: Name=NetC20_2
Added Pin To Net: NetName=NetC21_1 Pin=C21-1
Added Pin To Net: NetName=NetC21_1 Pin=CON2-23
Added Net: Name=NetC21_1
Added Pin To Net: NetName=NetC21_2 Pin=C21-2
Added Pin To Net: NetName=NetC21_2 Pin=CON2-22
Added Net: Name=NetC21_2
Added Pin To Net: NetName=NetC22_1 Pin=C22-1
Added Pin To Net: NetName=NetC22_1 Pin=CON2-25
Added Net: Name=NetC22_1
Added Pin To Net: NetName=NetC22_2 Pin=C22-2
Added Pin To Net: NetName=NetC22_2 Pin=CON2-24
Added Net: Name=NetC22_2
Added Pin To Net: NetName=NetC23_1 Pin=C23-1
Added Pin To Net: NetName=NetC23_1 Pin=CON2-27
Added Net: Name=NetC23_1
Added Pin To Net: NetName=NetC23_2 Pin=C23-2
Added Pin To Net: NetName=NetC23_2 Pin=CON2-26
Added Net: Name=NetC23_2
Added Pin To Net: NetName=NetC24_2 Pin=C24-2
Added Pin To Net: NetName=NetC24_2 Pin=CON2-28
Added Net: Name=NetC24_2
Added Pin To Net: NetName=NetC25_1 Pin=C25-1
Added Pin To Net: NetName=NetC25_1 Pin=CON2-29
Added Net: Name=NetC25_1
Added Pin To Net: NetName=NetC26_2 Pin=C26-2
Added Pin To Net: NetName=NetC26_2 Pin=CON2-30
Added Net: Name=NetC26_2
Added Pin To Net: NetName=NetCON1_A5 Pin=CON1-A5
Added Pin To Net: NetName=NetCON1_A5 Pin=R8-1
Added Net: Name=NetCON1_A5
Added Pin To Net: NetName=NetCON1_B5 Pin=CON1-B5
Added Pin To Net: NetName=NetCON1_B5 Pin=R9-1
Added Net: Name=NetCON1_B5
Added Pin To Net: NetName=NetD2_2 Pin=D2-2
Added Pin To Net: NetName=NetD2_2 Pin=R6-1
Added Net: Name=NetD2_2
Added Pin To Net: NetName=NetIC1_5 Pin=IC1-5
Added Pin To Net: NetName=NetIC1_5 Pin=R4-2
Added Net: Name=NetIC1_5
Added Pin To Net: NetName=NetIC3_6 Pin=IC3-6
Added Pin To Net: NetName=NetIC3_6 Pin=IC4-1
Added Net: Name=NetIC3_6
Added Pin To Net: NetName=NetIC5_13 Pin=IC5-13
Added Pin To Net: NetName=NetIC5_13 Pin=R15-1
Added Net: Name=NetIC5_13
Added Pin To Net: NetName=NetIC5_30 Pin=IC5-30
Added Pin To Net: NetName=NetIC5_30 Pin=IC6-6
Added Net: Name=NetIC5_30
Added Pin To Net: NetName=NetR11_2 Pin=R11-2
Added Pin To Net: NetName=NetR11_2 Pin=T1-2
Added Net: Name=NetR11_2
Added Pin To Net: NetName=STAT_NCP Pin=IC1-1
Added Pin To Net: NetName=STAT_NCP Pin=IC5-8
Added Net: Name=STAT_NCP
Added Pin To Net: NetName=SWD_CLK Pin=CON3-3
Added Pin To Net: NetName=SWD_CLK Pin=IC5-26
Added Net: Name=SWD_CLK
Added Pin To Net: NetName=SWD_DIO Pin=CON3-4
Added Pin To Net: NetName=SWD_DIO Pin=IC5-25
Added Net: Name=SWD_DIO
Added Pin To Net: NetName=SWD_SWO Pin=CON3-5
Added Pin To Net: NetName=SWD_SWO Pin=IC5-21
Added Net: Name=SWD_SWO
Added Pin To Net: NetName=UART_RX Pin=CON3-7
Added Pin To Net: NetName=UART_RX Pin=IC5-18
Added Net: Name=UART_RX
Added Pin To Net: NetName=UART_TX Pin=CON3-8
Added Pin To Net: NetName=UART_TX Pin=IC5-39
Added Net: Name=UART_TX
Added Pin To Net: NetName=UC_NRST Pin=C27-2
Added Pin To Net: NetName=UC_NRST Pin=CON3-6
Added Pin To Net: NetName=UC_NRST Pin=IC5-10
Added Net: Name=UC_NRST
Added Pin To Net: NetName=USBD_N Pin=IC5-29
Added Pin To Net: NetName=USBD_N Pin=IC6-4
Added Net: Name=USBD_N
Added Pin To Net: NetName=VBAT Pin=BP1-3
Added Pin To Net: NetName=VBAT Pin=BP2-3
Added Pin To Net: NetName=VBAT Pin=C3-1
Added Pin To Net: NetName=VBAT Pin=C5-1
Added Pin To Net: NetName=VBAT Pin=C7-1
Added Pin To Net: NetName=VBAT Pin=IC1-3
Added Pin To Net: NetName=VBAT Pin=IC2-A1
Added Pin To Net: NetName=VBAT Pin=IC3-1
Added Pin To Net: NetName=VBAT Pin=IC4-3
Added Pin To Net: NetName=VBAT Pin=R10-1
Added Pin To Net: NetName=VBAT Pin=T1-3
Added Net: Name=VBAT
Added Pin To Net: NetName=VUSB Pin=C2-1
Added Pin To Net: NetName=VUSB Pin=CON1-A4
Added Pin To Net: NetName=VUSB Pin=CON1-A9
Added Pin To Net: NetName=VUSB Pin=CON1-B4
Added Pin To Net: NetName=VUSB Pin=CON1-B9
Added Pin To Net: NetName=VUSB Pin=IC1-4
Added Pin To Net: NetName=VUSB Pin=IC6-5
Added Net: Name=VUSB
Added Class: Name=Alim
Added Class: Name=epaper
Added Class: Name=Micro
Added Differential Pair: Name=D
