Add Component: Footprint Not Found PCB-xukofss9ju753iqcqyy1-1
Add Component: Footprint Not Found PCB-xukofss9ju753iqcqyy1-1
Add Component: Footprint Not Found PCB-xukofss9ju753iqcqyy1-1
Add Component: Footprint Not Found PCB-2nnmxkyovcvss0glujyq-1
Add Component: Footprint Not Found PCB-xukofss9ju753iqcqyy1-1
Add Component: Footprint Not Found PCB-xukofss9ju753iqcqyy1-1
Add Component: Footprint Not Found PCB-xukofss9ju753iqcqyy1-1
Add Component: Footprint Not Found PCB-xukofss9ju753iqcqyy1-1
Add Component: Footprint Not Found PCB-xukofss9ju753iqcqyy1-1
Add Component: Footprint Not Found PCB-xukofss9ju753iqcqyy1-1
Add Component: Footprint Not Found PCB-xukofss9ju753iqcqyy1-1
Add Component: Footprint Not Found PCB-xukofss9ju753iqcqyy1-1
Add Component: Footprint Not Found PCB-xukofss9ju753iqcqyy1-1
Add Component: Footprint Not Found PCB-xukofss9ju753iqcqyy1-1
Add Component: Footprint Not Found CAPC1005X55X25NL05T10
Add Component: Footprint Not Found PCB-xukofss9ju753iqcqyy1-1
Add Component: Footprint Not Found PCB-xukofss9ju753iqcqyy1-1
Add Component: Footprint Not Found PCB-xukofss9ju753iqcqyy1-1
Add Component: Footprint Not Found PCB-xukofss9ju753iqcqyy1-1
Add Component: Footprint Not Found PCB-xukofss9ju753iqcqyy1-1
Add Component: Footprint Not Found PCB-xukofss9ju753iqcqyy1-1
Add Component: Footprint Not Found PCB-xukofss9ju753iqcqyy1-1
Add Component: Footprint Not Found PCB-2nnmxkyovcvss0glujyq-1
Add Component: Footprint Not Found PCB-2nnmxkyovcvss0glujyq-1
Add Component: Footprint Not Found PCB-xukofss9ju753iqcqyy1-1
Add Component: Footprint Not Found C0402_B
Add Component: Footprint Not Found ONSC-SOD-123-2-425-04_V
Add Component: Footprint Not Found DIOD-1N4148WS-SOD-323-2
Add Component: Footprint Not Found DIOD-1N4148WS-SOD-323-2
Add Component: Footprint Not Found DIOD-1N4148WS-SOD-323-2
Add Component: Footprint Not Found DIOD-1N4148WS-SOD-323-2
Add Component: Footprint Not Found MOLX-52437-3071
Add Component: Footprint Not Found MOLX-54548-0871
Add Component: Footprint Not Found TE Connectivity 2295018
Add Component: Footprint Not Found PCB-3102767-1
Add Component: Footprint Not Found RESC1005X37X25LL05T10
Add Component: Footprint Not Found RESC1005X40X25NL10T10
Add Component: Footprint Not Found RESC1005X37X25LL05T10
Add Component: Footprint Not Found RESC1005X40X25LL10T10
Add Component: Footprint Not Found RESC1005X40X25LL10T10
Add Component: Footprint Not Found RESC1005X40X25NL10T10
Add Component: Footprint Not Found RESC1005X40X25NL10T10
Add Component: Footprint Not Found RESC1005X40X25ML05T05
Add Component: Footprint Not Found RESC1005X40X20ML05T10
Add Component: Footprint Not Found RESC1005X40X25NL10T10
Add Component: Footprint Not Found RESC1005X40X25NL10T10
Add Component: Footprint Not Found RESC1005X37X25LL05T10
Add Component: Footprint Not Found RESC1005X40X20ML05T10
Add Component: Footprint Not Found RESC1005X40X20ML05T10
Add Component: Footprint Not Found PCB-pc6dpphgdbfelaubrj2o-1
Add Component: Footprint Not Found PCB-pc6dpphgdbfelaubrj2o-1
Add Component: Footprint Not Found SOT23-5_D
Add Component: Footprint Not Found PCBComponent_1
Add Component: Footprint Not Found SOT-666
Add Component: Footprint Not Found SOT23-5L_M
Add Component: Footprint Not Found PCB-lzzg1p32e97cbdn4dgt9-1
Add Component: Footprint Not Found STMicroelectronics STM32WB5MMGH6TR-Footprint-1
Add Component: Footprint Not Found BMP581-Footprint-1
Added Net: Name=1.8V
Added Net: Name=3.3_EN
Added Net: Name=3V
Added Net: Name=BARO_INT
Added Net: Name=BARO_SPI_MISO
Added Net: Name=BARO_SPI_MOSI
Added Net: Name=BARO_SPI_NSS
Added Net: Name=BARO_SPI_SCK
Added Net: Name=BAT_MON_EN
Added Net: Name=BAT_MON
Added Net: Name=BT_DN
Added Net: Name=BT_UP
Added Net: Name=D_N
Added Net: Name=D_P
Added Net: Name=EPD_BS
Added Net: Name=EPD_BUSY
Added Net: Name=EPD_NRST
Added Net: Name=EPD_SPI_DC
Added Net: Name=EPD_SPI_MOSI
Added Net: Name=EPD_SPI_NSS
Added Net: Name=EPD_SPI_SCK
Added Net: Name=GND
Added Net: Name=LATCH_1_8
Added Net: Name=LATCH_3_3
Added Net: Name=NetC4_1
Added Net: Name=NetC5_1
Added Net: Name=NetC8_1
Added Net: Name=NetC9_1
Added Net: Name=NetC9_2
Added Net: Name=NetC10_1
Added Net: Name=NetC10_2
Added Net: Name=NetC11_1
Added Net: Name=NetC11_2
Added Net: Name=NetC12_1
Added Net: Name=NetC12_2
Added Net: Name=NetC13_1
Added Net: Name=NetC13_2
Added Net: Name=NetC14_1
Added Net: Name=NetC14_2
Added Net: Name=NetC15_2
Added Net: Name=NetC16_1
Added Net: Name=NetC17_1
Added Net: Name=NetC18_1
Added Net: Name=NetC21_1
Added Net: Name=NetC22_1
Added Net: Name=NetD4_2
Added Net: Name=NetP1_A5
Added Net: Name=NetP1_B5
Added Net: Name=NetQ1_3
Added Net: Name=NetQ1_5
Added Net: Name=NetR1_2
Added Net: Name=NetR8_2
Added Net: Name=NetR12_2
Added Net: Name=NetR16_2
Added Net: Name=NetU4_1
Added Net: Name=STAT_NCP
Added Net: Name=SWD_CLK
Added Net: Name=SWD_DIO
Added Net: Name=SWD_SWO
Added Net: Name=UART_RX
Added Net: Name=UART_TX
Added Net: Name=UC_NRST
Added Net: Name=USBD_N
Added Net: Name=USBD_P
Added Net: Name=VBAT
Added Net: Name=VUSB
Added Class: Name=Alim
Added Class: Name=epaper
Added Class: Name=Micro
Added Differential Pair: Name=D
Added Differential Pair: Name=USBD
