Added Component: Designator=CON1(54548-0871)
Add component (AddParameter): Name = "Fabricant"; Value = "MOLEX"; VariantName = "[No Variations]"
Add component (AddParameter): Name = "Référence"; Value = "54548-0871"; VariantName = "[No Variations]"
Add component (AddParameter): Name = "Value"; Value = "54548-0871"; VariantName = "[No Variations]"
Added Component: Designator=CON2(M20-9990445)
Add component (AddParameter): Name = "Fabricant"; Value = "Harwin"; VariantName = "[No Variations]"
Add component (AddParameter): Name = "Référence"; Value = "M20-9990445"; VariantName = "[No Variations]"
Add component (AddParameter): Name = "Value"; Value = "M20-9990445"; VariantName = "[No Variations]"
Add Component: Footprint Not Found Model Name
Added Pin To Net: NetName=3V Pin=CON1-2
Added Pin To Net: NetName=3V Pin=CON2-4
Added Net: Name=3V
Added Pin To Net: NetName=GND Pin=CON1-1
Added Pin To Net: NetName=GND Pin=CON1-M1
Added Pin To Net: NetName=GND Pin=CON1-M2
Added Pin To Net: NetName=GND Pin=CON2-1
Added Net: Name=GND
Added Pin To Net: NetName=SWD_CLK Pin=CON1-3
Added Net: Name=SWD_CLK
Added Pin To Net: NetName=SWD_DIO Pin=CON1-4
Added Net: Name=SWD_DIO
Added Pin To Net: NetName=SWD_SWO Pin=CON1-5
Added Net: Name=SWD_SWO
Added Pin To Net: NetName=UART_TX Pin=CON1-8
Added Pin To Net: NetName=UART_TX Pin=CON2-3
Added Net: Name=UART_TX
Added Pin To Net: NetName=UC_NRST Pin=CON1-6
Added Net: Name=UC_NRST
Added Class: Name=SWD adapter
